<?xml version="1.0" encoding="UTF-8"?>
<!-- Generated by org.testng.reporters.JUnitReportReporter -->
<testsuite skipped="0" hostname="Dhruba" name="Academy.validateTitleTest" tests="1" failures="0" timestamp="2020-01-31T22:47:39 EST" time="0.075" errors="0">
  <testcase name="validateAppTitle" time="0.075" classname="Academy.validateTitleTest"/>
  <system-out/>
</testsuite> <!-- Academy.validateTitleTest -->
