<?xml version="1.0" encoding="UTF-8"?>
<!-- Generated by org.testng.reporters.JUnitReportReporter -->
<testsuite skipped="0" hostname="Dhruba" name="Academy.RegistrationPageTest" tests="1" failures="0" timestamp="2020-01-31T22:47:39 EST" time="7.849" errors="0">
  <testcase name="getRegister" time="7.849" classname="Academy.RegistrationPageTest"/>
  <system-out/>
</testsuite> <!-- Academy.RegistrationPageTest -->
