<?xml version="1.0" encoding="UTF-8"?>
<!-- Generated by org.testng.reporters.JUnitReportReporter -->
<testsuite skipped="0" hostname="Dhruba" name="Academy.validateNavigationBarTest" tests="1" failures="0" timestamp="2020-01-31T22:47:39 EST" time="0.079" errors="0">
  <testcase name="validateAppNavBar" time="0.079" classname="Academy.validateNavigationBarTest"/>
  <system-out/>
</testsuite> <!-- Academy.validateNavigationBarTest -->
