<?xml version="1.0" encoding="UTF-8"?>
<!-- Generated by org.testng.reporters.JUnitReportReporter -->
<testsuite skipped="0" hostname="Dhruba" name="Academy.HomePageTest" tests="4" failures="0" timestamp="2020-01-31T22:47:39 EST" time="25.777" errors="0">
  <testcase name="basePageNavigation" time="5.399" classname="Academy.HomePageTest"/>
  <system-out/>
  <testcase name="basePageNavigation" time="10.678" classname="Academy.HomePageTest"/>
  <system-out/>
  <testcase name="basePageNavigation" time="4.594" classname="Academy.HomePageTest"/>
  <system-out/>
  <testcase name="basePageNavigation" time="5.106" classname="Academy.HomePageTest"/>
  <system-out/>
</testsuite> <!-- Academy.HomePageTest -->
