<?xml version="1.0" encoding="UTF-8"?>
<!-- Generated by org.testng.reporters.JUnitReportReporter -->
<testsuite skipped="0" hostname="Dhruba" name="Academy.validateTitle" tests="1" failures="0" timestamp="2020-01-31T18:03:01 EST" time="0.072" errors="0">
  <testcase name="validateAppTitle" time="0.072" classname="Academy.validateTitle"/>
</testsuite> <!-- Academy.validateTitle -->
