<?xml version="1.0" encoding="UTF-8"?>
<!-- Generated by org.testng.reporters.JUnitReportReporter -->
<testsuite skipped="0" hostname="Dhruba" name="Academy.validateNavigationBar" tests="1" failures="0" timestamp="2020-01-31T17:50:13 EST" time="0.060" errors="0">
  <testcase name="validateAppNavBar" time="0.060" classname="Academy.validateNavigationBar"/>
</testsuite> <!-- Academy.validateNavigationBar -->
